This is pdfTeX, Version 3.1415926-2.3-1.40.12 (MiKTeX 2.9) (preloaded format=pdflatex 2018.11.16)  3 APR 2019 21:34
entering extended mode
**sigpro.tex
(D:\GitHub\IPPVO\SGPRO\sigpro.tex
LaTeX2e <2011/06/27>
Babel <v3.8m> and hyphenation patterns for loaded.
(D:\GitHub\IPPVO\SGPRO\elsarticle.cls
Document Class: elsarticle 2009/09/17, 1.20b: Elsevier Ltd
\@bls=\dimen102
(C:\CTEX\MiKTeX\tex\latex\base\article.cls
Document Class: article 2007/10/19 v1.4h Standard LaTeX document class
(C:\CTEX\MiKTeX\tex\latex\base\size10.clo
File: size10.clo 2007/10/19 v1.4h Standard LaTeX file (size option)
)
\c@part=\count79
\c@section=\count80
\c@subsection=\count81
\c@subsubsection=\count82
\c@paragraph=\count83
\c@subparagraph=\count84
\c@figure=\count85
\c@table=\count86
\abovecaptionskip=\skip41
\belowcaptionskip=\skip42
\bibindent=\dimen103
)
(C:\CTEX\MiKTeX\tex\latex\graphics\graphicx.sty
Package: graphicx 1999/02/16 v1.0f Enhanced LaTeX Graphics (DPC,SPQR)

(C:\CTEX\MiKTeX\tex\latex\graphics\keyval.sty
Package: keyval 1999/03/16 v1.13 key=value parser (DPC)
\KV@toks@=\toks14
)
(C:\CTEX\MiKTeX\tex\latex\graphics\graphics.sty
Package: graphics 2009/02/05 v1.0o Standard LaTeX Graphics (DPC,SPQR)

(C:\CTEX\MiKTeX\tex\latex\graphics\trig.sty
Package: trig 1999/03/16 v1.09 sin cos tan (DPC)
)
(C:\CTEX\MiKTeX\tex\latex\00miktex\graphics.cfg
File: graphics.cfg 2007/01/18 v1.5 graphics configuration of teTeX/TeXLive
)
Package graphics Info: Driver file: pdftex.def on input line 91.

(C:\CTEX\MiKTeX\tex\latex\pdftex-def\pdftex.def
File: pdftex.def 2011/05/27 v0.06d Graphics/color for pdfTeX

(C:\CTEX\MiKTeX\tex\generic\oberdiek\infwarerr.sty
Package: infwarerr 2010/04/08 v1.3 Providing info/warning/message (HO)
)
(C:\CTEX\MiKTeX\tex\generic\oberdiek\ltxcmds.sty
Package: ltxcmds 2011/04/18 v1.20 LaTeX kernel commands for general use (HO)
)
\Gread@gobject=\count87
))
\Gin@req@height=\dimen104
\Gin@req@width=\dimen105
)
(C:\CTEX\MiKTeX\tex\latex\psnfss\pifont.sty
Package: pifont 2005/04/12 PSNFSS-v9.2a Pi font support (SPQR) 
LaTeX Font Info:    Try loading font information for U+pzd on input line 63.

(C:\CTEX\MiKTeX\tex\latex\psnfss\upzd.fd
File: upzd.fd 2001/06/04 font definitions for U/pzd.
)
LaTeX Font Info:    Try loading font information for U+psy on input line 64.

(C:\CTEX\MiKTeX\tex\latex\psnfss\upsy.fd
File: upsy.fd 2001/06/04 font definitions for U/psy.
))
\c@tnote=\count88
\c@fnote=\count89
\c@cnote=\count90
\c@ead=\count91
\c@author=\count92
\@eadauthor=\toks15
\c@affn=\count93
\absbox=\box26
\keybox=\box27
\Columnwidth=\dimen106
\space@left=\dimen107
\els@boxa=\box28
\els@boxb=\box29
\leftMargin=\dimen108
\@enLab=\toks16
\@sep=\skip43
\@@sep=\skip44
 (D:\GitHub\IPPVO\SGPRO\sigpro.spl)
(C:\CTEX\MiKTeX\tex\latex\natbib\natbib.sty
Package: natbib 2010/09/13 8.31b (PWD, AO)
\bibhang=\skip45
\bibsep=\skip46
LaTeX Info: Redefining \cite on input line 694.
\c@NAT@ctr=\count94
)
\splwrite=\write3

(C:\CTEX\MiKTeX\tex\latex\geometry\geometry.sty
Package: geometry 2010/09/12 v5.6 Page Geometry

(C:\CTEX\MiKTeX\tex\generic\oberdiek\ifpdf.sty
Package: ifpdf 2011/01/30 v2.3 Provides the ifpdf switch (HO)
Package ifpdf Info: pdfTeX in PDF mode is detected.
)
(C:\CTEX\MiKTeX\tex\generic\oberdiek\ifvtex.sty
Package: ifvtex 2010/03/01 v1.5 Switches for detecting VTeX and its modes (HO)
Package ifvtex Info: VTeX not detected.
)
(C:\CTEX\MiKTeX\tex\generic\ifxetex\ifxetex.sty
Package: ifxetex 2010/09/12 v0.6 Provides ifxetex conditional
)
\Gm@cnth=\count95
\Gm@cntv=\count96
\c@Gm@tempcnt=\count97
\Gm@bindingoffset=\dimen109
\Gm@wd@mp=\dimen110
\Gm@odd@mp=\dimen111
\Gm@even@mp=\dimen112
\Gm@layoutwidth=\dimen113
\Gm@layoutheight=\dimen114
\Gm@layouthoffset=\dimen115
\Gm@layoutvoffset=\dimen116
\Gm@dimlist=\toks17

(C:\CTEX\MiKTeX\tex\latex\geometry\geometry.cfg))
\appnamewidth=\dimen117
)
(C:\CTEX\MiKTeX\tex\latex\amsfonts\amsfonts.sty
Package: amsfonts 2009/06/22 v3.00 Basic AMSFonts support
\@emptytoks=\toks18
\symAMSa=\mathgroup4
\symAMSb=\mathgroup5
LaTeX Font Info:    Overwriting math alphabet `\mathfrak' in version `bold'
(Font)                  U/euf/m/n --> U/euf/b/n on input line 96.
)
(C:\CTEX\MiKTeX\tex\latex\ams\math\amsmath.sty
Package: amsmath 2000/07/18 v2.13 AMS math features
\@mathmargin=\skip47

For additional information on amsmath, use the `?' option.
(C:\CTEX\MiKTeX\tex\latex\ams\math\amstext.sty
Package: amstext 2000/06/29 v2.01

(C:\CTEX\MiKTeX\tex\latex\ams\math\amsgen.sty
File: amsgen.sty 1999/11/30 v2.0
\@emptytoks=\toks19
\ex@=\dimen118
))
(C:\CTEX\MiKTeX\tex\latex\ams\math\amsbsy.sty
Package: amsbsy 1999/11/29 v1.2d
\pmbraise@=\dimen119
)
(C:\CTEX\MiKTeX\tex\latex\ams\math\amsopn.sty
Package: amsopn 1999/12/14 v2.01 operator names
)
\inf@bad=\count98
LaTeX Info: Redefining \frac on input line 211.
\uproot@=\count99
\leftroot@=\count100
LaTeX Info: Redefining \overline on input line 307.
\classnum@=\count101
\DOTSCASE@=\count102
LaTeX Info: Redefining \ldots on input line 379.
LaTeX Info: Redefining \dots on input line 382.
LaTeX Info: Redefining \cdots on input line 467.
\Mathstrutbox@=\box30
\strutbox@=\box31
\big@size=\dimen120
LaTeX Font Info:    Redeclaring font encoding OML on input line 567.
LaTeX Font Info:    Redeclaring font encoding OMS on input line 568.
\macc@depth=\count103
\c@MaxMatrixCols=\count104
\dotsspace@=\muskip10
\c@parentequation=\count105
\dspbrk@lvl=\count106
\tag@help=\toks20
\row@=\count107
\column@=\count108
\maxfields@=\count109
\andhelp@=\toks21
\eqnshift@=\dimen121
\alignsep@=\dimen122
\tagshift@=\dimen123
\tagwidth@=\dimen124
\totwidth@=\dimen125
\lineht@=\dimen126
\@envbody=\toks22
\multlinegap=\skip48
\multlinetaggap=\skip49
\mathdisplay@stack=\toks23
LaTeX Info: Redefining \[ on input line 2666.
LaTeX Info: Redefining \] on input line 2667.
)
(C:\CTEX\MiKTeX\tex\latex\amsfonts\amssymb.sty
Package: amssymb 2009/06/22 v3.00
)
(C:\CTEX\MiKTeX\tex\latex\dstroke\dsfont.sty
Package: dsfont 1995/08/01 v0.1 Double stroke roman fonts
)
(C:\CTEX\MiKTeX\tex\latex\graphics\color.sty
Package: color 2005/11/14 v1.0j Standard LaTeX Color (DPC)

(C:\CTEX\MiKTeX\tex\latex\00miktex\color.cfg
File: color.cfg 2007/01/18 v1.5 color configuration of teTeX/TeXLive
)
Package color Info: Driver file: pdftex.def on input line 130.
)
(C:\CTEX\MiKTeX\tex\latex\multirow\multirow.sty
\bigstrutjot=\dimen127
)
(C:\CTEX\MiKTeX\tex\latex\subfigure\subfigure.sty
Package: subfigure 2002/07/30 v2.1.4 subfigure package
\subfigtopskip=\skip50
\subfigcapskip=\skip51
\subfigcaptopadj=\dimen128
\subfigbottomskip=\skip52
\subfigcapmargin=\dimen129
\subfiglabelskip=\skip53
\c@subfigure=\count110
\c@lofdepth=\count111
\c@subtable=\count112
\c@lotdepth=\count113

****************************************
* Local config file subfigure.cfg used *
****************************************
(C:\CTEX\MiKTeX\tex\latex\subfigure\subfigure.cfg)
\subfig@top=\skip54
\subfig@bottom=\skip55
)
(C:\CTEX\MiKTeX\tex\latex\oberdiek\epstopdf.sty
Package: epstopdf 2010/02/09 v2.5 Conversion with epstopdf on the fly (HO)

(C:\CTEX\MiKTeX\tex\latex\oberdiek\epstopdf-base.sty
Package: epstopdf-base 2010/02/09 v2.5 Base part for package epstopdf

(C:\CTEX\MiKTeX\tex\latex\oberdiek\grfext.sty
Package: grfext 2010/08/19 v1.1 Managing graphics extensions (HO)

(C:\CTEX\MiKTeX\tex\generic\oberdiek\kvdefinekeys.sty
Package: kvdefinekeys 2011/04/07 v1.3 Defining keys (HO)
))
(C:\CTEX\MiKTeX\tex\latex\oberdiek\kvoptions.sty
Package: kvoptions 2010/12/23 v3.10 Keyval support for LaTeX options (HO)

(C:\CTEX\MiKTeX\tex\generic\oberdiek\kvsetkeys.sty
Package: kvsetkeys 2011/04/07 v1.13 Key value parser (HO)

(C:\CTEX\MiKTeX\tex\generic\oberdiek\etexcmds.sty
Package: etexcmds 2011/02/16 v1.5 Prefix for e-TeX command names (HO)

(C:\CTEX\MiKTeX\tex\generic\oberdiek\ifluatex.sty
Package: ifluatex 2010/03/01 v1.3 Provides the ifluatex switch (HO)
Package ifluatex Info: LuaTeX not detected.
)
Package etexcmds Info: Could not find \expanded.
(etexcmds)             That can mean that you are not using pdfTeX 1.50 or
(etexcmds)             that some package has redefined \expanded.
(etexcmds)             In the latter case, load this package earlier.
)))
(C:\CTEX\MiKTeX\tex\generic\oberdiek\pdftexcmds.sty
Package: pdftexcmds 2011/04/22 v0.16 Utilities of pdfTeX for LuaTeX (HO)
Package pdftexcmds Info: LuaTeX not detected.
Package pdftexcmds Info: \pdf@primitive is available.
Package pdftexcmds Info: \pdf@ifprimitive is available.
Package pdftexcmds Info: \pdfdraftmode found.
)
Package grfext Info: Graphics extension search list:
(grfext)             [.png,.pdf,.jpg,.mps,.jpeg,.jbig2,.jb2,.PNG,.PDF,.JPG,.JPE
G,.JBIG2,.JB2,.eps]
(grfext)             \AppendGraphicsExtensions on input line 452.
))
(D:\GitHub\IPPVO\SGPRO\sigpro.aux)
LaTeX Font Info:    Checking defaults for OML/cmm/m/it on input line 12.
LaTeX Font Info:    ... okay on input line 12.
LaTeX Font Info:    Checking defaults for T1/cmr/m/n on input line 12.
LaTeX Font Info:    ... okay on input line 12.
LaTeX Font Info:    Checking defaults for OT1/cmr/m/n on input line 12.
LaTeX Font Info:    ... okay on input line 12.
LaTeX Font Info:    Checking defaults for OMS/cmsy/m/n on input line 12.
LaTeX Font Info:    ... okay on input line 12.
LaTeX Font Info:    Checking defaults for OMX/cmex/m/n on input line 12.
LaTeX Font Info:    ... okay on input line 12.
LaTeX Font Info:    Checking defaults for U/cmr/m/n on input line 12.
LaTeX Font Info:    ... okay on input line 12.

(C:\CTEX\MiKTeX\tex\context\base\supp-pdf.mkii
[Loading MPS to PDF converter (version 2006.09.02).]
\scratchcounter=\count114
\scratchdimen=\dimen130
\scratchbox=\box32
\nofMPsegments=\count115
\nofMParguments=\count116
\everyMPshowfont=\toks24
\MPscratchCnt=\count117
\MPscratchDim=\dimen131
\MPnumerator=\count118
\makeMPintoPDFobject=\count119
\everyMPtoPDFconversion=\toks25
)
*geometry* driver: auto-detecting
*geometry* detected driver: pdftex
*geometry* verbose mode - [ preamble ] result:
* driver: pdftex
* paper: custom
* layout: <same size as paper>
* layoutoffset:(h,v)=(0.0pt,0.0pt)
* hratio: 1:1
* vratio: 1:1
* modes: 
* h-part:(L,W,R)=(64.75394pt, 468.0pt, 64.75394pt)
* v-part:(T,H,B)=(111.52342pt, 622.0pt, 111.52342pt)
* \paperwidth=597.50787pt
* \paperheight=845.04684pt
* \textwidth=468.0pt
* \textheight=622.0pt
* \oddsidemargin=-7.51605pt
* \evensidemargin=-7.51605pt
* \topmargin=-22.74657pt
* \headheight=50.0pt
* \headsep=12.0pt
* \topskip=10.0pt
* \footskip=18.0pt
* \marginparwidth=65.0pt
* \marginparsep=11.0pt
* \columnsep=24.0pt
* \skip\footins=24.0pt plus 2.0pt minus 12.0pt
* \hoffset=0.0pt
* \voffset=0.0pt
* \mag=1000
* \@twocolumnfalse
* \@twosidefalse
* \@mparswitchfalse
* \@reversemarginfalse
* (1in=72.27pt=25.4mm, 1cm=28.453pt)

LaTeX Font Info:    Try loading font information for U+msa on input line 48.
(C:\CTEX\MiKTeX\tex\latex\amsfonts\umsa.fd
File: umsa.fd 2009/06/22 v3.00 AMS symbols A
)
LaTeX Font Info:    Try loading font information for U+msb on input line 48.

(C:\CTEX\MiKTeX\tex\latex\amsfonts\umsb.fd
File: umsb.fd 2009/06/22 v3.00 AMS symbols B
) [1

{C:/CTEX/UserData/pdftex/config/pdftex.map{Unicode.sfd}{UGBK.sfd}}] [2]

pdfTeX warning: pdflatex.exe (file D:/GitHub/IPPVO/SGPRO/figures/PPVOContext.pd
f): PDF inclusion: found PDF version <1.7>, but at most version <1.5> allowed
<figures/PPVOContext.pdf, id=19, 232.92119pt x 232.78467pt>
File: figures/PPVOContext.pdf Graphic file (type pdf)

<use figures/PPVOContext.pdf>
Package pdftex.def Info: figures/PPVOContext.pdf used on input line 124.
(pdftex.def)             Requested size: 140.40143pt x 140.32544pt.

<figures/PPVO_Lena_CN15_hist_PN.pdf, id=20, 563.0882pt x 421.21164pt>
File: figures/PPVO_Lena_CN15_hist_PN.pdf Graphic file (type pdf)

<use figures/PPVO_Lena_CN15_hist_PN.pdf>
Package pdftex.def Info: figures/PPVO_Lena_CN15_hist_PN.pdf used on input line 
131.
(pdftex.def)             Requested size: 196.55914pt x 147.03421pt.
LaTeX Font Info:    Try loading font information for OMS+cmr on input line 147.


(C:\CTEX\MiKTeX\tex\latex\base\omscmr.fd
File: omscmr.fd 1999/05/25 v2.5h Standard LaTeX font definitions
)
LaTeX Font Info:    Font shape `OMS/cmr/m/n' in size <10> not available
(Font)              Font shape `OMS/cmsy/m/n' tried instead on input line 147.
 [3 <D:/GitHub/IPPVO/SGPRO/figures/PPVOContext.pdf> <D:/GitHub/IPPVO/SGPRO/figu
res/PPVO_Lena_CN15_hist_PN.pdf>]
[4]

pdfTeX warning: pdflatex.exe (file D:/GitHub/IPPVO/SGPRO/figures/CN4a.pdf): PDF
 inclusion: found PDF version <1.7>, but at most version <1.5> allowed
<figures/CN4a.pdf, id=45, 234.59645pt x 120.0525pt>
File: figures/CN4a.pdf Graphic file (type pdf)
 <use figures/CN4a.pdf>
Package pdftex.def Info: figures/CN4a.pdf used on input line 211.
(pdftex.def)             Requested size: 93.59857pt x 47.8974pt.

Underfull \hbox (badness 10000) in paragraph at lines 211--211
[]\OT1/cmss/m/n/10 (a) \OT1/cmr/m/n/10 P-P-VO pre-dic-tor
 []



pdfTeX warning: pdflatex.exe (file D:/GitHub/IPPVO/SGPRO/figures/CN4b.pdf): PDF
 inclusion: found PDF version <1.7>, but at most version <1.5> allowed
<figures/CN4b.pdf, id=46, 234.59645pt x 120.0525pt>
File: figures/CN4b.pdf Graphic file (type pdf)
 <use figures/CN4b.pdf>
Package pdftex.def Info: figures/CN4b.pdf used on input line 218.
(pdftex.def)             Requested size: 93.59857pt x 47.8974pt.

Underfull \hbox (badness 10000) in paragraph at lines 218--218
[]\OT1/cmss/m/n/10 (b) \OT1/cmr/m/n/10 Ex-tend-ed P-P-VO
 []



pdfTeX warning: pdflatex.exe (file D:/GitHub/IPPVO/SGPRO/figures/CN8a.pdf): PDF
 inclusion: found PDF version <1.7>, but at most version <1.5> allowed
<figures/CN8a.pdf, id=47, 291.04434pt x 176.95811pt>
File: figures/CN8a.pdf Graphic file (type pdf)
 <use figures/CN8a.pdf>
Package pdftex.def Info: figures/CN8a.pdf used on input line 225.
(pdftex.def)             Requested size: 93.59857pt x 56.90855pt.

Underfull \hbox (badness 10000) in paragraph at lines 225--225
[]\OT1/cmss/m/n/10 (c) \OT1/cmr/m/n/10 P-P-VO pre-dic-tor
 []



pdfTeX warning: pdflatex.exe (file D:/GitHub/IPPVO/SGPRO/figures/CN8b.pdf): PDF
 inclusion: found PDF version <1.7>, but at most version <1.5> allowed
<figures/CN8b.pdf, id=48, 291.04735pt x 176.95811pt>
File: figures/CN8b.pdf Graphic file (type pdf)
 <use figures/CN8b.pdf>
Package pdftex.def Info: figures/CN8b.pdf used on input line 232.
(pdftex.def)             Requested size: 93.59857pt x 56.90855pt.

Underfull \hbox (badness 10000) in paragraph at lines 232--232
[]\OT1/cmss/m/n/10 (d) \OT1/cmr/m/n/10 Ex-tend-ed P-P-VO
 []

[5] <figures/Comparison/4Pixels/lena.pdf, id=52, 355.38371pt x 313.0917pt>
File: figures/Comparison/4Pixels/lena.pdf Graphic file (type pdf)

<use figures/Comparison/4Pixels/lena.pdf>
Package pdftex.def Info: figures/Comparison/4Pixels/lena.pdf used on input line
 253.
(pdftex.def)             Requested size: 140.40143pt x 123.69136pt.

<figures/Comparison/4Pixels/baboon.pdf, id=53, 355.38371pt x 310.24608pt>
File: figures/Comparison/4Pixels/baboon.pdf Graphic file (type pdf)

<use figures/Comparison/4Pixels/baboon.pdf>
Package pdftex.def Info: figures/Comparison/4Pixels/baboon.pdf used on input li
ne 260.
(pdftex.def)             Requested size: 140.40143pt x 122.56715pt.

<figures/Comparison/8Pixels/lena.pdf, id=54, 355.38371pt x 310.24608pt>
File: figures/Comparison/8Pixels/lena.pdf Graphic file (type pdf)

<use figures/Comparison/8Pixels/lena.pdf>
Package pdftex.def Info: figures/Comparison/8Pixels/lena.pdf used on input line
 268.
(pdftex.def)             Requested size: 140.40143pt x 122.56715pt.

<figures/Comparison/8Pixels/baboon.pdf, id=55, 355.38371pt x 310.24608pt>
File: figures/Comparison/8Pixels/baboon.pdf Graphic file (type pdf)

<use figures/Comparison/8Pixels/baboon.pdf>
Package pdftex.def Info: figures/Comparison/8Pixels/baboon.pdf used on input li
ne 275.
(pdftex.def)             Requested size: 140.40143pt x 122.56715pt.


pdfTeX warning: pdflatex.exe (file D:/GitHub/IPPVO/SGPRO/figures/C1.pdf): PDF i
nclusion: found PDF version <1.7>, but at most version <1.5> allowed
<figures/C1.pdf, id=56, 401.29924pt x 230.99098pt>
File: figures/C1.pdf Graphic file (type pdf)
 <use figures/C1.pdf>
Package pdftex.def Info: figures/C1.pdf used on input line 292.
(pdftex.def)             Requested size: 93.59857pt x 53.87402pt.


pdfTeX warning: pdflatex.exe (file D:/GitHub/IPPVO/SGPRO/figures/C2.pdf): PDF i
nclusion: found PDF version <1.7>, but at most version <1.5> allowed
<figures/C2.pdf, id=57, 401.29924pt x 233.86372pt>
File: figures/C2.pdf Graphic file (type pdf)
 <use figures/C2.pdf>
Package pdftex.def Info: figures/C2.pdf used on input line 298.
(pdftex.def)             Requested size: 93.59857pt x 54.54404pt.


pdfTeX warning: pdflatex.exe (file D:/GitHub/IPPVO/SGPRO/figures/C4.pdf): PDF i
nclusion: found PDF version <1.7>, but at most version <1.5> allowed
<figures/C4.pdf, id=58, 401.29924pt x 233.86372pt>
File: figures/C4.pdf Graphic file (type pdf)
 <use figures/C4.pdf>
Package pdftex.def Info: figures/C4.pdf used on input line 304.
(pdftex.def)             Requested size: 93.59857pt x 54.54404pt.


pdfTeX warning: pdflatex.exe (file D:/GitHub/IPPVO/SGPRO/figures/C3.pdf): PDF i
nclusion: found PDF version <1.7>, but at most version <1.5> allowed
<figures/C3.pdf, id=59, 401.15872pt x 233.86372pt>
File: figures/C3.pdf Graphic file (type pdf)
 <use figures/C3.pdf>
Package pdftex.def Info: figures/C3.pdf used on input line 310.
(pdftex.def)             Requested size: 93.59857pt x 54.56187pt.

[6 <D:/GitHub/IPPVO/SGPRO/figures/CN4a.pdf> <D:/GitHub/IPPVO/SGPRO/figures/CN4b
.pdf> <D:/GitHub/IPPVO/SGPRO/figures/CN8a.pdf> <D:/GitHub/IPPVO/SGPRO/figures/C
N8b.pdf>] [7 <D:/GitHub/IPPVO/SGPRO/figures/Comparison/4Pixels/lena.pdf> <D:/Gi
tHub/IPPVO/SGPRO/figures/Comparison/4Pixels/baboon.pdf> <D:/GitHub/IPPVO/SGPRO/
figures/Comparison/8Pixels/lena.pdf> <D:/GitHub/IPPVO/SGPRO/figures/Comparison/
8Pixels/baboon.pdf>] <figures/CapLena.pdf, id=149, 526.09978pt x 395.60397pt>
File: figures/CapLena.pdf Graphic file (type pdf)

<use figures/CapLena.pdf>
Package pdftex.def Info: figures/CapLena.pdf used on input line 330.
(pdftex.def)             Requested size: 210.59857pt x 158.35951pt.

<figures/thPropLena.pdf, id=150, 520.40915pt x 381.37682pt>
File: figures/thPropLena.pdf Graphic file (type pdf)

<use figures/thPropLena.pdf>
Package pdftex.def Info: figures/thPropLena.pdf used on input line 337.
(pdftex.def)             Requested size: 215.28314pt x 157.76796pt.
 [8 <D:/GitHub/IPPVO/SGPRO/figures/C1.pdf> <D:/GitHub/IPPVO/SGPRO/figures/C2.pd
f> <D:/GitHub/IPPVO/SGPRO/figures/C4.pdf> <D:/GitHub/IPPVO/SGPRO/figures/C3.pdf
> <D:/GitHub/IPPVO/SGPRO/figures/CapLena.pdf> <D:/GitHub/IPPVO/SGPRO/figures/th
PropLena.pdf>]
<figures/PropLenaNoT.pdf, id=197, 503.33737pt x 381.37682pt>
File: figures/PropLenaNoT.pdf Graphic file (type pdf)

<use figures/PropLenaNoT.pdf>
Package pdftex.def Info: figures/PropLenaNoT.pdf used on input line 352.
(pdftex.def)             Requested size: 234.0pt x 177.30345pt.

<figures/EmbedwithTh.pdf, id=198, 1157.45706pt x 595.80092pt>
File: figures/EmbedwithTh.pdf Graphic file (type pdf)

<use figures/EmbedwithTh.pdf>
Package pdftex.def Info: figures/EmbedwithTh.pdf used on input line 362.
(pdftex.def)             Requested size: 327.59857pt x 168.63226pt.
 [9 <D:/GitHub/IPPVO/SGPRO/figures/PropLenaNoT.pdf>]

pdfTeX warning: pdflatex.exe (file D:/GitHub/IPPVO/SGPRO/figures/Thresholds.pdf
): PDF inclusion: found PDF version <1.7>, but at most version <1.5> allowed
<figures/Thresholds.pdf, id=208, 517.31268pt x 380.87595pt>
File: figures/Thresholds.pdf Graphic file (type pdf)

<use figures/Thresholds.pdf>
Package pdftex.def Info: figures/Thresholds.pdf used on input line 378.
(pdftex.def)             Requested size: 234.0pt x 172.28758pt.

<figures/Result/size/Lena.pdf, id=209, 380.99036pt x 284.63841pt>
File: figures/Result/size/Lena.pdf Graphic file (type pdf)

<use figures/Result/size/Lena.pdf>
Package pdftex.def Info: figures/Result/size/Lena.pdf used on input line 393.
(pdftex.def)             Requested size: 182.51971pt x 136.35994pt.

<figures/Result/size/Baboon.pdf, id=210, 400.90678pt x 287.48303pt>
File: figures/Result/size/Baboon.pdf Graphic file (type pdf)

<use figures/Result/size/Baboon.pdf>
Package pdftex.def Info: figures/Result/size/Baboon.pdf used on input line 400.

(pdftex.def)             Requested size: 187.19714pt x 134.2397pt.


LaTeX Warning: Reference `eq:PPVOPE' on page 10 undefined on input line 408.


LaTeX Warning: Reference `eq:PPVOMPixel' on page 10 undefined on input line 408
.

[10 <D:/GitHub/IPPVO/SGPRO/figures/EmbedwithTh.pdf, page is rotated 90 degrees>
] [11 <D:/GitHub/IPPVO/SGPRO/figures/Thresholds.pdf> <D:/GitHub/IPPVO/SGPRO/fig
ures/Result/size/Lena.pdf> <D:/GitHub/IPPVO/SGPRO/figures/Result/size/Baboon.pd
f>] [12] <figures/Result/capacity/Lena.pdf, id=304, 384.3964pt x 281.35071pt>
File: figures/Result/capacity/Lena.pdf Graphic file (type pdf)

<use figures/Result/capacity/Lena.pdf>
Package pdftex.def Info: figures/Result/capacity/Lena.pdf used on input line 43
7.
(pdftex.def)             Requested size: 194.21686pt x 142.15181pt.

<figures/Result/capacity/Baboon.pdf, id=305, 398.62357pt x 281.3504pt>
File: figures/Result/capacity/Baboon.pdf Graphic file (type pdf)

<use figures/Result/capacity/Baboon.pdf>
Package pdftex.def Info: figures/Result/capacity/Baboon.pdf used on input line 
443.
(pdftex.def)             Requested size: 201.23657pt x 142.03575pt.

<figures/Result/capacity/Airplane.pdf, id=306, 384.3964pt x 281.35071pt>
File: figures/Result/capacity/Airplane.pdf Graphic file (type pdf)

<use figures/Result/capacity/Airplane.pdf>
Package pdftex.def Info: figures/Result/capacity/Airplane.pdf used on input lin
e 450.
(pdftex.def)             Requested size: 194.21686pt x 142.15181pt.

<figures/Result/capacity/Barbara.pdf, id=307, 384.3964pt x 281.35071pt>
File: figures/Result/capacity/Barbara.pdf Graphic file (type pdf)

<use figures/Result/capacity/Barbara.pdf>
Package pdftex.def Info: figures/Result/capacity/Barbara.pdf used on input line
 456.
(pdftex.def)             Requested size: 194.21686pt x 142.15181pt.

<figures/Result/capacity/Lake.pdf, id=308, 384.3964pt x 281.35071pt>
File: figures/Result/capacity/Lake.pdf Graphic file (type pdf)

<use figures/Result/capacity/Lake.pdf>
Package pdftex.def Info: figures/Result/capacity/Lake.pdf used on input line 46
3.
(pdftex.def)             Requested size: 194.21686pt x 142.15181pt.

<figures/Result/capacity/Boat.pdf, id=309, 387.24202pt x 281.35071pt>
File: figures/Result/capacity/Boat.pdf Graphic file (type pdf)

<use figures/Result/capacity/Boat.pdf>
Package pdftex.def Info: figures/Result/capacity/Boat.pdf used on input line 46
9.
(pdftex.def)             Requested size: 196.55914pt x 142.80865pt.

<figures/Result/capacity/Peppers.pdf, id=310, 384.3964pt x 281.35071pt>
File: figures/Result/capacity/Peppers.pdf Graphic file (type pdf)

<use figures/Result/capacity/Peppers.pdf>
Package pdftex.def Info: figures/Result/capacity/Peppers.pdf used on input line
 476.
(pdftex.def)             Requested size: 194.21686pt x 142.15181pt.

<figures/Result/capacity/Elaine.pdf, id=311, 384.3964pt x 281.35071pt>
File: figures/Result/capacity/Elaine.pdf Graphic file (type pdf)

<use figures/Result/capacity/Elaine.pdf>
Package pdftex.def Info: figures/Result/capacity/Elaine.pdf used on input line 
482.
(pdftex.def)             Requested size: 194.21686pt x 142.15181pt.


LaTeX Warning: Float too large for page by 3.0378pt on input line 486.

[13] [14 <D:/GitHub/IPPVO/SGPRO/figures/Result/capacity/Lena.pdf> <D:/GitHub/IP
PVO/SGPRO/figures/Result/capacity/Baboon.pdf> <D:/GitHub/IPPVO/SGPRO/figures/Re
sult/capacity/Airplane.pdf> <D:/GitHub/IPPVO/SGPRO/figures/Result/capacity/Barb
ara.pdf> <D:/GitHub/IPPVO/SGPRO/figures/Result/capacity/Lake.pdf> <D:/GitHub/IP
PVO/SGPRO/figures/Result/capacity/Boat.pdf> <D:/GitHub/IPPVO/SGPRO/figures/Resu
lt/capacity/Peppers.pdf> <D:/GitHub/IPPVO/SGPRO/figures/Result/capacity/Elaine.
pdf>] (D:\GitHub\IPPVO\SGPRO\sigpro.bbl
Missing character: There is no ¨ in font cmr8!
Missing character: There is no ª in font cmr8!
 [15]) [16]
(D:\GitHub\IPPVO\SGPRO\sigpro.aux)

LaTeX Warning: There were undefined references.

 ) 
Here is how much of TeX's memory you used:
 3941 strings out of 495354
 52979 string characters out of 3183858
 120319 words of memory out of 3000000
 6992 multiletter control sequences out of 15000+200000
 11255 words of font info for 43 fonts, out of 3000000 for 9000
 14 hyphenation exceptions out of 8191
 42i,10n,30p,2351b,325s stack positions out of 5000i,500n,10000p,200000b,50000s
<C:/CTEX/MiKTeX/fonts/type1/public/amsfonts/cm/cmbx10.pfb><C:/CTEX/MiKTeX/fon
ts/type1/public/amsfonts/cm/cmex10.pfb><C:/CTEX/MiKTeX/fonts/type1/public/amsfo
nts/cmextra/cmex7.pfb><C:/CTEX/MiKTeX/fonts/type1/public/amsfonts/cm/cmmi10.pfb
><C:/CTEX/MiKTeX/fonts/type1/public/amsfonts/cm/cmmi5.pfb><C:/CTEX/MiKTeX/fonts
/type1/public/amsfonts/cm/cmmi7.pfb><C:/CTEX/MiKTeX/fonts/type1/public/amsfonts
/cm/cmmi8.pfb><C:/CTEX/MiKTeX/fonts/type1/public/amsfonts/cm/cmr10.pfb><C:/CTEX
/MiKTeX/fonts/type1/public/amsfonts/cm/cmr12.pfb><C:/CTEX/MiKTeX/fonts/type1/pu
blic/amsfonts/cm/cmr5.pfb><C:/CTEX/MiKTeX/fonts/type1/public/amsfonts/cm/cmr7.p
fb><C:/CTEX/MiKTeX/fonts/type1/public/amsfonts/cm/cmr8.pfb><C:/CTEX/MiKTeX/font
s/type1/public/amsfonts/cm/cmss10.pfb><C:/CTEX/MiKTeX/fonts/type1/public/amsfon
ts/cm/cmsy10.pfb><C:/CTEX/MiKTeX/fonts/type1/public/amsfonts/cm/cmsy5.pfb><C:/C
TEX/MiKTeX/fonts/type1/public/amsfonts/cm/cmsy6.pfb><C:/CTEX/MiKTeX/fonts/type1
/public/amsfonts/cm/cmsy7.pfb><C:/CTEX/MiKTeX/fonts/type1/public/amsfonts/cm/cm
ti10.pfb><C:/CTEX/MiKTeX/fonts/type1/public/amsfonts/cm/cmti7.pfb><C:/CTEX/MiKT
eX/fonts/type1/public/amsfonts/cm/cmti8.pfb><C:/CTEX/MiKTeX/fonts/type1/public/
amsfonts/cm/cmtt8.pfb>
Output written on sigpro.pdf (16 pages, 1027324 bytes).
PDF statistics:
 415 PDF objects out of 1000 (max. 8388607)
 0 named destinations out of 1000 (max. 500000)
 146 words of extra memory for PDF output out of 10000 (max. 10000000)

