This is pdfTeX, Version 3.1415926-2.3-1.40.12 (MiKTeX 2.9) (preloaded format=pdflatex 2018.11.16)  18 APR 2019 16:17
entering extended mode
**sigpro*(1).tex
("D:\GitHub\IPPVO\æ–‡æ°æ”¹æ­£\æè€å¸ˆæ”¹2\å´æ˜Šé”_SP\sigpro (1).tex"
LaTeX2e <2011/06/27>
Babel <v3.8m> and hyphenation patterns for loaded.
(D:\GitHub\IPPVO\æ–‡æ°æ”¹æ­£\æè€å¸ˆæ”¹2\å´æ˜Šé”_SP\elsarticle.cls
Document Class: elsarticle 2009/09/17, 1.20b: Elsevier Ltd
\@bls=\dimen102
(C:\CTEX\MiKTeX\tex\latex\base\article.cls
Document Class: article 2007/10/19 v1.4h Standard LaTeX document class
(C:\CTEX\MiKTeX\tex\latex\base\size10.clo
File: size10.clo 2007/10/19 v1.4h Standard LaTeX file (size option)
)
\c@part=\count79
\c@section=\count80
\c@subsection=\count81
\c@subsubsection=\count82
\c@paragraph=\count83
\c@subparagraph=\count84
\c@figure=\count85
\c@table=\count86
\abovecaptionskip=\skip41
\belowcaptionskip=\skip42
\bibindent=\dimen103
)
(C:\CTEX\MiKTeX\tex\latex\graphics\graphicx.sty
Package: graphicx 1999/02/16 v1.0f Enhanced LaTeX Graphics (DPC,SPQR)

(C:\CTEX\MiKTeX\tex\latex\graphics\keyval.sty
Package: keyval 1999/03/16 v1.13 key=value parser (DPC)
\KV@toks@=\toks14
)
(C:\CTEX\MiKTeX\tex\latex\graphics\graphics.sty
Package: graphics 2009/02/05 v1.0o Standard LaTeX Graphics (DPC,SPQR)

(C:\CTEX\MiKTeX\tex\latex\graphics\trig.sty
Package: trig 1999/03/16 v1.09 sin cos tan (DPC)
)
(C:\CTEX\MiKTeX\tex\latex\00miktex\graphics.cfg
File: graphics.cfg 2007/01/18 v1.5 graphics configuration of teTeX/TeXLive
)
Package graphics Info: Driver file: pdftex.def on input line 91.

(C:\CTEX\MiKTeX\tex\latex\pdftex-def\pdftex.def
File: pdftex.def 2011/05/27 v0.06d Graphics/color for pdfTeX

(C:\CTEX\MiKTeX\tex\generic\oberdiek\infwarerr.sty
Package: infwarerr 2010/04/08 v1.3 Providing info/warning/message (HO)
)
(C:\CTEX\MiKTeX\tex\generic\oberdiek\ltxcmds.sty
Package: ltxcmds 2011/04/18 v1.20 LaTeX kernel commands for general use (HO)
)
\Gread@gobject=\count87
))
\Gin@req@height=\dimen104
\Gin@req@width=\dimen105
)
(C:\CTEX\MiKTeX\tex\latex\psnfss\pifont.sty
Package: pifont 2005/04/12 PSNFSS-v9.2a Pi font support (SPQR) 
LaTeX Font Info:    Try loading font information for U+pzd on input line 63.

(C:\CTEX\MiKTeX\tex\latex\psnfss\upzd.fd
File: upzd.fd 2001/06/04 font definitions for U/pzd.
)
LaTeX Font Info:    Try loading font information for U+psy on input line 64.

(C:\CTEX\MiKTeX\tex\latex\psnfss\upsy.fd
File: upsy.fd 2001/06/04 font definitions for U/psy.
))
\c@tnote=\count88
\c@fnote=\count89
\c@cnote=\count90
\c@ead=\count91
\c@author=\count92
\@eadauthor=\toks15
\c@affn=\count93
\absbox=\box26
\keybox=\box27
\Columnwidth=\dimen106
\space@left=\dimen107
\els@boxa=\box28
\els@boxb=\box29
\leftMargin=\dimen108
\@enLab=\toks16
\@sep=\skip43
\@@sep=\skip44

("D:\GitHub\IPPVO\æ–‡æ°æ”¹æ­£\æè€å¸ˆæ”¹2\å´æ˜Šé”_SP\sigpro (1).spl")
(C:\CTEX\MiKTeX\tex\latex\natbib\natbib.sty
Package: natbib 2010/09/13 8.31b (PWD, AO)
\bibhang=\skip45
\bibsep=\skip46
LaTeX Info: Redefining \cite on input line 694.
\c@NAT@ctr=\count94
)
\splwrite=\write3

(C:\CTEX\MiKTeX\tex\latex\geometry\geometry.sty
Package: geometry 2010/09/12 v5.6 Page Geometry

(C:\CTEX\MiKTeX\tex\generic\oberdiek\ifpdf.sty
Package: ifpdf 2011/01/30 v2.3 Provides the ifpdf switch (HO)
Package ifpdf Info: pdfTeX in PDF mode is detected.
)
(C:\CTEX\MiKTeX\tex\generic\oberdiek\ifvtex.sty
Package: ifvtex 2010/03/01 v1.5 Switches for detecting VTeX and its modes (HO)
Package ifvtex Info: VTeX not detected.
)
(C:\CTEX\MiKTeX\tex\generic\ifxetex\ifxetex.sty
Package: ifxetex 2010/09/12 v0.6 Provides ifxetex conditional
)
\Gm@cnth=\count95
\Gm@cntv=\count96
\c@Gm@tempcnt=\count97
\Gm@bindingoffset=\dimen109
\Gm@wd@mp=\dimen110
\Gm@odd@mp=\dimen111
\Gm@even@mp=\dimen112
\Gm@layoutwidth=\dimen113
\Gm@layoutheight=\dimen114
\Gm@layouthoffset=\dimen115
\Gm@layoutvoffset=\dimen116
\Gm@dimlist=\toks17

(C:\CTEX\MiKTeX\tex\latex\geometry\geometry.cfg))
\appnamewidth=\dimen117
)
(C:\CTEX\MiKTeX\tex\latex\amsfonts\amsfonts.sty
Package: amsfonts 2009/06/22 v3.00 Basic AMSFonts support
\@emptytoks=\toks18
\symAMSa=\mathgroup4
\symAMSb=\mathgroup5
LaTeX Font Info:    Overwriting math alphabet `\mathfrak' in version `bold'
(Font)                  U/euf/m/n --> U/euf/b/n on input line 96.
)
(C:\CTEX\MiKTeX\tex\latex\ams\math\amsmath.sty
Package: amsmath 2000/07/18 v2.13 AMS math features
\@mathmargin=\skip47

For additional information on amsmath, use the `?' option.
(C:\CTEX\MiKTeX\tex\latex\ams\math\amstext.sty
Package: amstext 2000/06/29 v2.01

(C:\CTEX\MiKTeX\tex\latex\ams\math\amsgen.sty
File: amsgen.sty 1999/11/30 v2.0
\@emptytoks=\toks19
\ex@=\dimen118
))
(C:\CTEX\MiKTeX\tex\latex\ams\math\amsbsy.sty
Package: amsbsy 1999/11/29 v1.2d
\pmbraise@=\dimen119
)
(C:\CTEX\MiKTeX\tex\latex\ams\math\amsopn.sty
Package: amsopn 1999/12/14 v2.01 operator names
)
\inf@bad=\count98
LaTeX Info: Redefining \frac on input line 211.
\uproot@=\count99
\leftroot@=\count100
LaTeX Info: Redefining \overline on input line 307.
\classnum@=\count101
\DOTSCASE@=\count102
LaTeX Info: Redefining \ldots on input line 379.
LaTeX Info: Redefining \dots on input line 382.
LaTeX Info: Redefining \cdots on input line 467.
\Mathstrutbox@=\box30
\strutbox@=\box31
\big@size=\dimen120
LaTeX Font Info:    Redeclaring font encoding OML on input line 567.
LaTeX Font Info:    Redeclaring font encoding OMS on input line 568.
\macc@depth=\count103
\c@MaxMatrixCols=\count104
\dotsspace@=\muskip10
\c@parentequation=\count105
\dspbrk@lvl=\count106
\tag@help=\toks20
\row@=\count107
\column@=\count108
\maxfields@=\count109
\andhelp@=\toks21
\eqnshift@=\dimen121
\alignsep@=\dimen122
\tagshift@=\dimen123
\tagwidth@=\dimen124
\totwidth@=\dimen125
\lineht@=\dimen126
\@envbody=\toks22
\multlinegap=\skip48
\multlinetaggap=\skip49
\mathdisplay@stack=\toks23
LaTeX Info: Redefining \[ on input line 2666.
LaTeX Info: Redefining \] on input line 2667.
)
(C:\CTEX\MiKTeX\tex\latex\amsfonts\amssymb.sty
Package: amssymb 2009/06/22 v3.00
)
(C:\CTEX\MiKTeX\tex\latex\dstroke\dsfont.sty
Package: dsfont 1995/08/01 v0.1 Double stroke roman fonts
)
(C:\CTEX\MiKTeX\tex\latex\graphics\color.sty
Package: color 2005/11/14 v1.0j Standard LaTeX Color (DPC)

(C:\CTEX\MiKTeX\tex\latex\00miktex\color.cfg
File: color.cfg 2007/01/18 v1.5 color configuration of teTeX/TeXLive
)
Package color Info: Driver file: pdftex.def on input line 130.
)
(C:\CTEX\MiKTeX\tex\latex\multirow\multirow.sty
\bigstrutjot=\dimen127
)
(C:\CTEX\MiKTeX\tex\latex\oberdiek\epstopdf.sty
Package: epstopdf 2010/02/09 v2.5 Conversion with epstopdf on the fly (HO)

(C:\CTEX\MiKTeX\tex\latex\oberdiek\epstopdf-base.sty
Package: epstopdf-base 2010/02/09 v2.5 Base part for package epstopdf

(C:\CTEX\MiKTeX\tex\latex\oberdiek\grfext.sty
Package: grfext 2010/08/19 v1.1 Managing graphics extensions (HO)

(C:\CTEX\MiKTeX\tex\generic\oberdiek\kvdefinekeys.sty
Package: kvdefinekeys 2011/04/07 v1.3 Defining keys (HO)
))
(C:\CTEX\MiKTeX\tex\latex\oberdiek\kvoptions.sty
Package: kvoptions 2010/12/23 v3.10 Keyval support for LaTeX options (HO)

(C:\CTEX\MiKTeX\tex\generic\oberdiek\kvsetkeys.sty
Package: kvsetkeys 2011/04/07 v1.13 Key value parser (HO)

(C:\CTEX\MiKTeX\tex\generic\oberdiek\etexcmds.sty
Package: etexcmds 2011/02/16 v1.5 Prefix for e-TeX command names (HO)

(C:\CTEX\MiKTeX\tex\generic\oberdiek\ifluatex.sty
Package: ifluatex 2010/03/01 v1.3 Provides the ifluatex switch (HO)
Package ifluatex Info: LuaTeX not detected.
)
Package etexcmds Info: Could not find \expanded.
(etexcmds)             That can mean that you are not using pdfTeX 1.50 or
(etexcmds)             that some package has redefined \expanded.
(etexcmds)             In the latter case, load this package earlier.
)))
(C:\CTEX\MiKTeX\tex\generic\oberdiek\pdftexcmds.sty
Package: pdftexcmds 2011/04/22 v0.16 Utilities of pdfTeX for LuaTeX (HO)
Package pdftexcmds Info: LuaTeX not detected.
Package pdftexcmds Info: \pdf@primitive is available.
Package pdftexcmds Info: \pdf@ifprimitive is available.
Package pdftexcmds Info: \pdfdraftmode found.
)
Package grfext Info: Graphics extension search list:
(grfext)             [.png,.pdf,.jpg,.mps,.jpeg,.jbig2,.jb2,.PNG,.PDF,.JPG,.JPE
G,.JBIG2,.JB2,.eps]
(grfext)             \AppendGraphicsExtensions on input line 452.
))
(C:\CTEX\MiKTeX\tex\latex\subfigure\subfigure.sty
Package: subfigure 2002/07/30 v2.1.4 subfigure package
\subfigtopskip=\skip50
\subfigcapskip=\skip51
\subfigcaptopadj=\dimen128
\subfigbottomskip=\skip52
\subfigcapmargin=\dimen129
\subfiglabelskip=\skip53
\c@subfigure=\count110
\c@lofdepth=\count111
\c@subtable=\count112
\c@lotdepth=\count113

****************************************
* Local config file subfigure.cfg used *
****************************************
(C:\CTEX\MiKTeX\tex\latex\subfigure\subfigure.cfg)
\subfig@top=\skip54
\subfig@bottom=\skip55
)
("D:\GitHub\IPPVO\æ–‡æ°æ”¹æ­£\æè€å¸ˆæ”¹2\å´æ˜Šé”_SP\sigpro (1).aux")
LaTeX Font Info:    Checking defaults for OML/cmm/m/it on input line 11.
LaTeX Font Info:    ... okay on input line 11.
LaTeX Font Info:    Checking defaults for T1/cmr/m/n on input line 11.
LaTeX Font Info:    ... okay on input line 11.
LaTeX Font Info:    Checking defaults for OT1/cmr/m/n on input line 11.
LaTeX Font Info:    ... okay on input line 11.
LaTeX Font Info:    Checking defaults for OMS/cmsy/m/n on input line 11.
LaTeX Font Info:    ... okay on input line 11.
LaTeX Font Info:    Checking defaults for OMX/cmex/m/n on input line 11.
LaTeX Font Info:    ... okay on input line 11.
LaTeX Font Info:    Checking defaults for U/cmr/m/n on input line 11.
LaTeX Font Info:    ... okay on input line 11.

(C:\CTEX\MiKTeX\tex\context\base\supp-pdf.mkii
[Loading MPS to PDF converter (version 2006.09.02).]
\scratchcounter=\count114
\scratchdimen=\dimen130
\scratchbox=\box32
\nofMPsegments=\count115
\nofMParguments=\count116
\everyMPshowfont=\toks24
\MPscratchCnt=\count117
\MPscratchDim=\dimen131
\MPnumerator=\count118
\makeMPintoPDFobject=\count119
\everyMPtoPDFconversion=\toks25
)
*geometry* driver: auto-detecting
*geometry* detected driver: pdftex
*geometry* verbose mode - [ preamble ] result:
* driver: pdftex
* paper: custom
* layout: <same size as paper>
* layoutoffset:(h,v)=(0.0pt,0.0pt)
* hratio: 1:1
* vratio: 1:1
* modes: 
* h-part:(L,W,R)=(64.75394pt, 468.0pt, 64.75394pt)
* v-part:(T,H,B)=(111.52342pt, 622.0pt, 111.52342pt)
* \paperwidth=597.50787pt
* \paperheight=845.04684pt
* \textwidth=468.0pt
* \textheight=622.0pt
* \oddsidemargin=-7.51605pt
* \evensidemargin=-7.51605pt
* \topmargin=-22.74657pt
* \headheight=50.0pt
* \headsep=12.0pt
* \topskip=10.0pt
* \footskip=18.0pt
* \marginparwidth=65.0pt
* \marginparsep=11.0pt
* \columnsep=24.0pt
* \skip\footins=24.0pt plus 2.0pt minus 12.0pt
* \hoffset=0.0pt
* \voffset=0.0pt
* \mag=1000
* \@twocolumnfalse
* \@twosidefalse
* \@mparswitchfalse
* \@reversemarginfalse
* (1in=72.27pt=25.4mm, 1cm=28.453pt)

LaTeX Font Info:    Try loading font information for U+msa on input line 43.
(C:\CTEX\MiKTeX\tex\latex\amsfonts\umsa.fd
File: umsa.fd 2009/06/22 v3.00 AMS symbols A
)
LaTeX Font Info:    Try loading font information for U+msb on input line 43.

(C:\CTEX\MiKTeX\tex\latex\amsfonts\umsb.fd
File: umsb.fd 2009/06/22 v3.00 AMS symbols B
) [1

{C:/CTEX/UserData/pdftex/config/pdftex.map{Unicode.sfd}{UGBK.sfd}}]

pdfTeX warning: pdflatex.exe (file D:/GitHub/IPPVO/æ–‡æ°æ”¹æ­£/æè€å¸ˆæ”¹2/å
´æ˜Šé”_SP/figures/PPVOContext.pdf): PDF inclusion: found PDF version <1.7>, b
ut at most version <1.5> allowed
<figures/PPVOContext.pdf, id=15, 232.92119pt x 232.78467pt>
File: figures/PPVOContext.pdf Graphic file (type pdf)

<use figures/PPVOContext.pdf>
Package pdftex.def Info: figures/PPVOContext.pdf used on input line 120.
(pdftex.def)             Requested size: 108.80914pt x 108.74812pt.

<figures/PPVOdmax.pdf, id=16, 466.34827pt x 344.38963pt>
File: figures/PPVOdmax.pdf Graphic file (type pdf)

<use figures/PPVOdmax.pdf>
Package pdftex.def Info: figures/PPVOdmax.pdf used on input line 126.
(pdftex.def)             Requested size: 145.07886pt x 107.13803pt.

<figures/PPVOdmin.pdf, id=17, 472.03883pt x 350.0799pt>
File: figures/PPVOdmin.pdf Graphic file (type pdf)

<use figures/PPVOdmin.pdf>
Package pdftex.def Info: figures/PPVOdmin.pdf used on input line 132.
(pdftex.def)             Requested size: 145.07886pt x 107.59416pt.
 [2]
Overfull \hbox (11.55537pt too wide) in paragraph at lines 147--149
\OT1/cmr/m/n/10 where $\OML/cmm/m/it/10 c[]$ \OT1/cmr/m/n/10 and $\OML/cmm/m/it
/10 c[]$ \OT1/cmr/m/n/10 rep-re-sen-t the largest and s-mall-est pix-el val-ues
 in $\OML/cmm/m/it/10 C$\OT1/cmr/m/n/10 , re-spec-tive-ly, i.e., $\OML/cmm/m/it
/10 c[] \OT1/cmr/m/n/10 = []\OMS/cmsy/m/n/10 f\OML/cmm/m/it/10 c[]; :::; c[]\OM
S/cmsy/m/n/10 g$
 []

[3 <D:/GitHub/IPPVO/æ–‡æ°æ”¹æ­£/æè€å¸ˆæ”¹2/å´æ˜Šé”_SP/figures/PPVOContext
.pdf> <D:/GitHub/IPPVO/æ–‡æ°æ”¹æ­£/æè€å¸ˆæ”¹2/å´æ˜Šé”_SP/figures/PPVOdmax
.pdf> <D:/GitHub/IPPVO/æ–‡æ°æ”¹æ­£/æè€å¸ˆæ”¹2/å´æ˜Šé”_SP/figures/PPVOdmin
.pdf>] [4]

pdfTeX warning: pdflatex.exe (file D:/GitHub/IPPVO/æ–‡æ°æ”¹æ­£/æè€å¸ˆæ”¹2/å
´æ˜Šé”_SP/figures/CN4a.pdf): PDF inclusion: found PDF version <1.7>, but at m
ost version <1.5> allowed
<figures/CN4a.pdf, id=50, 234.59645pt x 120.0525pt>
File: figures/CN4a.pdf Graphic file (type pdf)
 <use figures/CN4a.pdf>
Package pdftex.def Info: figures/CN4a.pdf used on input line 207.
(pdftex.def)             Requested size: 93.59857pt x 47.8974pt.


pdfTeX warning: pdflatex.exe (file D:/GitHub/IPPVO/æ–‡æ°æ”¹æ­£/æè€å¸ˆæ”¹2/å
´æ˜Šé”_SP/figures/CN4b.pdf): PDF inclusion: found PDF version <1.7>, but at m
ost version <1.5> allowed
<figures/CN4b.pdf, id=51, 234.59645pt x 120.0525pt>
File: figures/CN4b.pdf Graphic file (type pdf)
 <use figures/CN4b.pdf>
Package pdftex.def Info: figures/CN4b.pdf used on input line 214.
(pdftex.def)             Requested size: 93.59857pt x 47.8974pt.


pdfTeX warning: pdflatex.exe (file D:/GitHub/IPPVO/æ–‡æ°æ”¹æ­£/æè€å¸ˆæ”¹2/å
´æ˜Šé”_SP/figures/CN8a.pdf): PDF inclusion: found PDF version <1.7>, but at m
ost version <1.5> allowed
<figures/CN8a.pdf, id=52, 291.04434pt x 176.95811pt>
File: figures/CN8a.pdf Graphic file (type pdf)
 <use figures/CN8a.pdf>
Package pdftex.def Info: figures/CN8a.pdf used on input line 220.
(pdftex.def)             Requested size: 93.59857pt x 56.90855pt.


pdfTeX warning: pdflatex.exe (file D:/GitHub/IPPVO/æ–‡æ°æ”¹æ­£/æè€å¸ˆæ”¹2/å
´æ˜Šé”_SP/figures/CN8b.pdf): PDF inclusion: found PDF version <1.7>, but at m
ost version <1.5> allowed
<figures/CN8b.pdf, id=53, 291.04735pt x 176.95811pt>
File: figures/CN8b.pdf Graphic file (type pdf)
 <use figures/CN8b.pdf>
Package pdftex.def Info: figures/CN8b.pdf used on input line 227.
(pdftex.def)             Requested size: 93.59857pt x 56.90855pt.


pdfTeX warning: pdflatex.exe (file D:/GitHub/IPPVO/æ–‡æ°æ”¹æ­£/æè€å¸ˆæ”¹2/å
´æ˜Šé”_SP/figures/C3.pdf): PDF inclusion: found PDF version <1.7>, but at mos
t version <1.5> allowed
<figures/C3.pdf, id=54, 401.15872pt x 233.86372pt>
File: figures/C3.pdf Graphic file (type pdf)
 <use figures/C3.pdf>
Package pdftex.def Info: figures/C3.pdf used on input line 235.
(pdftex.def)             Requested size: 140.40143pt x 81.84995pt.


pdfTeX warning: pdflatex.exe (file D:/GitHub/IPPVO/æ–‡æ°æ”¹æ­£/æè€å¸ˆæ”¹2/å
´æ˜Šé”_SP/figures/C4.pdf): PDF inclusion: found PDF version <1.7>, but at mos
t version <1.5> allowed
<figures/C4.pdf, id=55, 401.29924pt x 233.86372pt>
File: figures/C4.pdf Graphic file (type pdf)
 <use figures/C4.pdf>
Package pdftex.def Info: figures/C4.pdf used on input line 243.
(pdftex.def)             Requested size: 140.40143pt x 81.82141pt.


pdfTeX warning: pdflatex.exe (file D:/GitHub/IPPVO/æ–‡æ°æ”¹æ­£/æè€å¸ˆæ”¹2/å
´æ˜Šé”_SP/figures/Comp4Lena.pdf): PDF inclusion: found PDF version <1.6>, but
 at most version <1.5> allowed
<figures/Comp4Lena.pdf, id=56, 454.96715pt x 347.23427pt>
File: figures/Comp4Lena.pdf Graphic file (type pdf)

<use figures/Comp4Lena.pdf>
Package pdftex.def Info: figures/Comp4Lena.pdf used on input line 255.
(pdftex.def)             Requested size: 187.19714pt x 142.87032pt.


pdfTeX warning: pdflatex.exe (file D:/GitHub/IPPVO/æ–‡æ°æ”¹æ­£/æè€å¸ˆæ”¹2/å
´æ˜Šé”_SP/figures/Comp4Baboon.pdf): PDF inclusion: found PDF version <1.6>, b
ut at most version <1.5> allowed
<figures/Comp4Baboon.pdf, id=57, 454.96715pt x 350.0799pt>
File: figures/Comp4Baboon.pdf Graphic file (type pdf)

<use figures/Comp4Baboon.pdf>
Package pdftex.def Info: figures/Comp4Baboon.pdf used on input line 262.
(pdftex.def)             Requested size: 187.19714pt x 144.04114pt.

<figures/Comp8Lena.pdf, id=58, 460.65771pt x 350.0799pt>
File: figures/Comp8Lena.pdf Graphic file (type pdf)

<use figures/Comp8Lena.pdf>
Package pdftex.def Info: figures/Comp8Lena.pdf used on input line 268.
(pdftex.def)             Requested size: 187.19714pt x 142.25699pt.

<figures/Comp8Baboon.pdf, id=59, 454.96715pt x 350.0799pt>
File: figures/Comp8Baboon.pdf Graphic file (type pdf)

<use figures/Comp8Baboon.pdf>
Package pdftex.def Info: figures/Comp8Baboon.pdf used on input line 275.
(pdftex.def)             Requested size: 187.19714pt x 144.04114pt.
 [5 <D:/GitHub/IPPVO/æ–‡æ°æ”¹æ­£/æè€å¸ˆæ”¹2/å´æ˜Šé”_SP/figures/CN4a.pdf> 
<D:/GitHub/IPPVO/æ–‡æ°æ”¹æ­£/æè€å¸ˆæ”¹2/å´æ˜Šé”_SP/figures/CN4b.pdf> <D:/
GitHub/IPPVO/æ–‡æ°æ”¹æ­£/æè€å¸ˆæ”¹2/å´æ˜Šé”_SP/figures/CN8a.pdf> <D:/GitH
ub/IPPVO/æ–‡æ°æ”¹æ­£/æè€å¸ˆæ”¹2/å´æ˜Šé”_SP/figures/CN8b.pdf> <D:/GitHub/I
PPVO/æ–‡æ°æ”¹æ­£/æè€å¸ˆæ”¹2/å´æ˜Šé”_SP/figures/C3.pdf> <D:/GitHub/IPPVO/æ
–‡æ°æ”¹æ­£/æè€å¸ˆæ”¹2/å´æ˜Šé”_SP/figures/C4.pdf>] [6 <D:/GitHub/IPPVO/æ–‡
æ°æ”¹æ­£/æè€å¸ˆæ”¹2/å´æ˜Šé”_SP/figures/Comp4Lena.pdf> <D:/GitHub/IPPVO/æ–
‡æ°æ”¹æ­£/æè€å¸ˆæ”¹2/å´æ˜Šé”_SP/figures/Comp4Baboon.pdf> <D:/GitHub/IPPVO
/æ–‡æ°æ”¹æ­£/æè€å¸ˆæ”¹2/å´æ˜Šé”_SP/figures/Comp8Lena.pdf> <D:/GitHub/IPPV
O/æ–‡æ°æ”¹æ­£/æè€å¸ˆæ”¹2/å´æ˜Šé”_SP/figures/Comp8Baboon.pdf>] [7] <figure
s/CapLena.pdf, id=146, 514.71828pt x 389.91371pt>
File: figures/CapLena.pdf Graphic file (type pdf)

<use figures/CapLena.pdf>
Package pdftex.def Info: figures/CapLena.pdf used on input line 326.
(pdftex.def)             Requested size: 210.59857pt x 159.53842pt.

<figures/thPropLena.pdf, id=147, 528.94495pt x 387.06808pt>
File: figures/thPropLena.pdf Graphic file (type pdf)

<use figures/thPropLena.pdf>
Package pdftex.def Info: figures/thPropLena.pdf used on input line 333.
(pdftex.def)             Requested size: 215.28314pt x 157.53542pt.

<figures/PropLenaNoT.pdf, id=148, 503.33737pt x 381.37682pt>
File: figures/PropLenaNoT.pdf Graphic file (type pdf)

<use figures/PropLenaNoT.pdf>
Package pdftex.def Info: figures/PropLenaNoT.pdf used on input line 342.
(pdftex.def)             Requested size: 234.0pt x 177.30345pt.

<figures/Result/size/Lena.pdf, id=149, 380.99036pt x 284.63841pt>
File: figures/Result/size/Lena.pdf Graphic file (type pdf)

<use figures/Result/size/Lena.pdf>
Package pdftex.def Info: figures/Result/size/Lena.pdf used on input line 359.
(pdftex.def)             Requested size: 187.19714pt x 139.85623pt.

<figures/Result/size/Baboon.pdf, id=150, 400.90678pt x 287.48303pt>
File: figures/Result/size/Baboon.pdf Graphic file (type pdf)

<use figures/Result/size/Baboon.pdf>
Package pdftex.def Info: figures/Result/size/Baboon.pdf used on input line 366.

(pdftex.def)             Requested size: 192.8172pt x 138.26663pt.
 [8 <D:/GitHub/IPPVO/æ–‡æ°æ”¹æ­£/æè€å¸ˆæ”¹2/å´æ˜Šé”_SP/figures/CapLena.pd
f> <D:/GitHub/IPPVO/æ–‡æ°æ”¹æ­£/æè€å¸ˆæ”¹2/å´æ˜Šé”_SP/figures/thPropLena.
pdf>] [9 <D:/GitHub/IPPVO/æ–‡æ°æ”¹æ­£/æè€å¸ˆæ”¹2/å´æ˜Šé”_SP/figures/PropL
enaNoT.pdf> <D:/GitHub/IPPVO/æ–‡æ°æ”¹æ­£/æè€å¸ˆæ”¹2/å´æ˜Šé”_SP/figures/Re
sult/size/Lena.pdf> <D:/GitHub/IPPVO/æ–‡æ°æ”¹æ­£/æè€å¸ˆæ”¹2/å´æ˜Šé”_SP/fi
gures/Result/size/Baboon.pdf>]
LaTeX Font Info:    Try loading font information for OMS+cmr on input line 376.


(C:\CTEX\MiKTeX\tex\latex\base\omscmr.fd
File: omscmr.fd 1999/05/25 v2.5h Standard LaTeX font definitions
)
LaTeX Font Info:    Font shape `OMS/cmr/m/n' in size <10> not available
(Font)              Font shape `OMS/cmsy/m/n' tried instead on input line 376.
 [10]
<figures/Lena.pdf, id=331, 381.55179pt x 278.5051pt>
File: figures/Lena.pdf Graphic file (type pdf)
 <use figures/Lena.pdf>
Package pdftex.def Info: figures/Lena.pdf used on input line 411.
(pdftex.def)             Requested size: 196.55914pt x 143.47209pt.

<figures/Baboon.pdf, id=332, 395.77791pt x 281.3504pt>
File: figures/Baboon.pdf Graphic file (type pdf)

<use figures/Baboon.pdf>
Package pdftex.def Info: figures/Baboon.pdf used on input line 418.
(pdftex.def)             Requested size: 205.92114pt x 146.3889pt.

<figures/Airplane.pdf, id=333, 381.55179pt x 278.5051pt>
File: figures/Airplane.pdf Graphic file (type pdf)

<use figures/Airplane.pdf>
Package pdftex.def Info: figures/Airplane.pdf used on input line 425.
(pdftex.def)             Requested size: 196.55914pt x 143.47209pt.

<figures/Barbara.pdf, id=334, 381.55179pt x 278.5051pt>
File: figures/Barbara.pdf Graphic file (type pdf)

<use figures/Barbara.pdf>
Package pdftex.def Info: figures/Barbara.pdf used on input line 432.
(pdftex.def)             Requested size: 196.55914pt x 143.47209pt.
 <figures/Lake.pdf, id=335, 381.55179pt x 278.5051pt>
File: figures/Lake.pdf Graphic file (type pdf)

<use figures/Lake.pdf>
Package pdftex.def Info: figures/Lake.pdf used on input line 439.
(pdftex.def)             Requested size: 196.55914pt x 143.47209pt.
 <figures/Boat.pdf, id=336, 387.24202pt x 278.5051pt>
File: figures/Boat.pdf Graphic file (type pdf)

<use figures/Boat.pdf>
Package pdftex.def Info: figures/Boat.pdf used on input line 446.
(pdftex.def)             Requested size: 196.55914pt x 141.36427pt.
 <figures/Peppers.pdf, id=337, 381.55179pt x 278.5051pt>
File: figures/Peppers.pdf Graphic file (type pdf)

<use figures/Peppers.pdf>
Package pdftex.def Info: figures/Peppers.pdf used on input line 453.
(pdftex.def)             Requested size: 194.21686pt x 141.76373pt.

<figures/Elaine.pdf, id=338, 381.55179pt x 278.5051pt>
File: figures/Elaine.pdf Graphic file (type pdf)

<use figures/Elaine.pdf>
Package pdftex.def Info: figures/Elaine.pdf used on input line 460.
(pdftex.def)             Requested size: 194.21686pt x 141.76373pt.


LaTeX Warning: Float too large for page by 9.52737pt on input line 464.

[11] [12 <D:/GitHub/IPPVO/æ–‡æ°æ”¹æ­£/æè€å¸ˆæ”¹2/å´æ˜Šé”_SP/figures/Lena.
pdf> <D:/GitHub/IPPVO/æ–‡æ°æ”¹æ­£/æè€å¸ˆæ”¹2/å´æ˜Šé”_SP/figures/Baboon.pd
f> <D:/GitHub/IPPVO/æ–‡æ°æ”¹æ­£/æè€å¸ˆæ”¹2/å´æ˜Šé”_SP/figures/Airplane.pd
f> <D:/GitHub/IPPVO/æ–‡æ°æ”¹æ­£/æè€å¸ˆæ”¹2/å´æ˜Šé”_SP/figures/Barbara.pdf
> <D:/GitHub/IPPVO/æ–‡æ°æ”¹æ­£/æè€å¸ˆæ”¹2/å´æ˜Šé”_SP/figures/Lake.pdf> <D
:/GitHub/IPPVO/æ–‡æ°æ”¹æ­£/æè€å¸ˆæ”¹2/å´æ˜Šé”_SP/figures/Boat.pdf> <D:/Gi
tHub/IPPVO/æ–‡æ°æ”¹æ­£/æè€å¸ˆæ”¹2/å´æ˜Šé”_SP/figures/Peppers.pdf> <D:/Git
Hub/IPPVO/æ–‡æ°æ”¹æ­£/æè€å¸ˆæ”¹2/å´æ˜Šé”_SP/figures/Elaine.pdf>]
("D:\GitHub\IPPVO\æ–‡æ°æ”¹æ­£\æè€å¸ˆæ”¹2\å´æ˜Šé”_SP\sigpro (1).bbl"
Missing character: There is no ï in font cmr8!
Missing character: There is no ¿ in font cmr8!
Missing character: There is no ½ in font cmr8!
Missing character: There is no ï in font cmr8!
Missing character: There is no ¿ in font cmr8!
Missing character: There is no ½ in font cmr8!

[13] [14]) [15]
("D:\GitHub\IPPVO\æ–‡æ°æ”¹æ­£\æè€å¸ˆæ”¹2\å´æ˜Šé”_SP\sigpro (1).aux") ) 
Here is how much of TeX's memory you used:
 3938 strings out of 495354
 52488 string characters out of 3183858
 126748 words of memory out of 3000000
 6993 multiletter control sequences out of 15000+200000
 11604 words of font info for 44 fonts, out of 3000000 for 9000
 14 hyphenation exceptions out of 8191
 42i,10n,30p,1460b,389s stack positions out of 5000i,500n,10000p,200000b,50000s
<C:
/CTEX/MiKTeX/fonts/type1/public/amsfonts/cm/cmbx10.pfb><C:/CTEX/MiKTeX/fonts/ty
pe1/public/amsfonts/cm/cmex10.pfb><C:/CTEX/MiKTeX/fonts/type1/public/amsfonts/c
mextra/cmex7.pfb><C:/CTEX/MiKTeX/fonts/type1/public/amsfonts/cm/cmmi10.pfb><C:/
CTEX/MiKTeX/fonts/type1/public/amsfonts/cm/cmmi5.pfb><C:/CTEX/MiKTeX/fonts/type
1/public/amsfonts/cm/cmmi7.pfb><C:/CTEX/MiKTeX/fonts/type1/public/amsfonts/cm/c
mmi8.pfb><C:/CTEX/MiKTeX/fonts/type1/public/amsfonts/cm/cmr10.pfb><C:/CTEX/MiKT
eX/fonts/type1/public/amsfonts/cm/cmr12.pfb><C:/CTEX/MiKTeX/fonts/type1/public/
amsfonts/cm/cmr5.pfb><C:/CTEX/MiKTeX/fonts/type1/public/amsfonts/cm/cmr6.pfb><C
:/CTEX/MiKTeX/fonts/type1/public/amsfonts/cm/cmr7.pfb><C:/CTEX/MiKTeX/fonts/typ
e1/public/amsfonts/cm/cmr8.pfb><C:/CTEX/MiKTeX/fonts/type1/public/amsfonts/cm/c
mss10.pfb><C:/CTEX/MiKTeX/fonts/type1/public/amsfonts/cm/cmsy10.pfb><C:/CTEX/Mi
KTeX/fonts/type1/public/amsfonts/cm/cmsy5.pfb><C:/CTEX/MiKTeX/fonts/type1/publi
c/amsfonts/cm/cmsy6.pfb><C:/CTEX/MiKTeX/fonts/type1/public/amsfonts/cm/cmsy7.pf
b><C:/CTEX/MiKTeX/fonts/type1/public/amsfonts/cm/cmsy8.pfb><C:/CTEX/MiKTeX/font
s/type1/public/amsfonts/cm/cmti10.pfb><C:/CTEX/MiKTeX/fonts/type1/public/amsfon
ts/cm/cmti7.pfb><C:/CTEX/MiKTeX/fonts/type1/public/amsfonts/cm/cmti8.pfb><C:/CT
EX/MiKTeX/fonts/type1/public/amsfonts/cm/cmtt8.pfb>
Output written on "sigpro (1).pdf" (15 pages, 1332933 bytes).
PDF statistics:
 451 PDF objects out of 1000 (max. 8388607)
 0 named destinations out of 1000 (max. 500000)
 131 words of extra memory for PDF output out of 10000 (max. 10000000)

